<?xml version="1.0" encoding="UTF-8"?>
<testsuite name="net.sf.rails.game.state.PortfolioManagerTest" tests="5" skipped="0" failures="0" errors="0" timestamp="2020-04-10T19:48:53" hostname="marc-desktop" time="0.004">
  <properties/>
  <testcase name="testRemovePortfolio" classname="net.sf.rails.game.state.PortfolioManagerTest" time="0.001"/>
  <testcase name="testPMKey" classname="net.sf.rails.game.state.PortfolioManagerTest" time="0.001"/>
  <testcase name="testGetUnkownOwner" classname="net.sf.rails.game.state.PortfolioManagerTest" time="0.001"/>
  <testcase name="testAddPortfolio" classname="net.sf.rails.game.state.PortfolioManagerTest" time="0.001"/>
  <testcase name="testGetPortfolio" classname="net.sf.rails.game.state.PortfolioManagerTest" time="0.0"/>
  <system-out><![CDATA[]]></system-out>
  <system-err><![CDATA[]]></system-err>
</testsuite>
