<?xml version="1.0" encoding="UTF-8"?>
<testsuite name="net.sf.rails.game.state.WalletManagerTest" tests="5" skipped="0" failures="0" errors="0" timestamp="2020-04-10T19:48:53" hostname="marc-desktop" time="0.005">
  <properties/>
  <testcase name="testWMKey" classname="net.sf.rails.game.state.WalletManagerTest" time="0.002"/>
  <testcase name="testGetUnkownOwner" classname="net.sf.rails.game.state.WalletManagerTest" time="0.0"/>
  <testcase name="testRemoveWallet" classname="net.sf.rails.game.state.WalletManagerTest" time="0.001"/>
  <testcase name="testAddWallet" classname="net.sf.rails.game.state.WalletManagerTest" time="0.001"/>
  <testcase name="testGetWallet" classname="net.sf.rails.game.state.WalletManagerTest" time="0.001"/>
  <system-out><![CDATA[]]></system-out>
  <system-err><![CDATA[]]></system-err>
</testsuite>
