<?xml version="1.0" encoding="UTF-8"?>
<testsuite name="net.sf.rails.game.state.ChangeStackTest" tests="4" skipped="0" failures="0" errors="0" timestamp="2020-04-10T19:48:53" hostname="marc-desktop" time="0.372">
  <properties/>
  <testcase name="testRedo" classname="net.sf.rails.game.state.ChangeStackTest" time="0.37"/>
  <testcase name="testUndo" classname="net.sf.rails.game.state.ChangeStackTest" time="0.0"/>
  <testcase name="testGetCurrentChangeSet" classname="net.sf.rails.game.state.ChangeStackTest" time="0.001"/>
  <testcase name="testcloseAndNew" classname="net.sf.rails.game.state.ChangeStackTest" time="0.0"/>
  <system-out><![CDATA[]]></system-out>
  <system-err><![CDATA[]]></system-err>
</testsuite>
