<?xml version="1.0" encoding="UTF-8"?>
<testsuite name="net.sf.rails.game.state.HashMapStateTest" tests="12" skipped="0" failures="0" errors="0" timestamp="2020-04-10T19:48:54" hostname="marc-desktop" time="0.012">
  <properties/>
  <testcase name="testGet" classname="net.sf.rails.game.state.HashMapStateTest" time="0.001"/>
  <testcase name="testPut" classname="net.sf.rails.game.state.HashMapStateTest" time="0.003"/>
  <testcase name="testClear" classname="net.sf.rails.game.state.HashMapStateTest" time="0.001"/>
  <testcase name="testContainsKey" classname="net.sf.rails.game.state.HashMapStateTest" time="0.0"/>
  <testcase name="testInitFromMap" classname="net.sf.rails.game.state.HashMapStateTest" time="0.001"/>
  <testcase name="testCreateMapOfKV" classname="net.sf.rails.game.state.HashMapStateTest" time="0.001"/>
  <testcase name="testCreate" classname="net.sf.rails.game.state.HashMapStateTest" time="0.0"/>
  <testcase name="testViewKeySet" classname="net.sf.rails.game.state.HashMapStateTest" time="0.001"/>
  <testcase name="testPutAll" classname="net.sf.rails.game.state.HashMapStateTest" time="0.001"/>
  <testcase name="testIsEmpty" classname="net.sf.rails.game.state.HashMapStateTest" time="0.001"/>
  <testcase name="testRemove" classname="net.sf.rails.game.state.HashMapStateTest" time="0.001"/>
  <testcase name="testViewValues" classname="net.sf.rails.game.state.HashMapStateTest" time="0.0"/>
  <system-out><![CDATA[]]></system-out>
  <system-err><![CDATA[]]></system-err>
</testsuite>
