<?xml version="1.0" encoding="UTF-8"?>
<testsuite name="net.sf.rails.game.state.GenericStateTest" tests="4" skipped="0" failures="0" errors="0" timestamp="2020-04-10T19:48:53" hostname="marc-desktop" time="0.004">
  <properties/>
  <testcase name="testSetSameIgnored" classname="net.sf.rails.game.state.GenericStateTest" time="0.002"/>
  <testcase name="testSet" classname="net.sf.rails.game.state.GenericStateTest" time="0.0"/>
  <testcase name="testValue" classname="net.sf.rails.game.state.GenericStateTest" time="0.001"/>
  <testcase name="testUndoRedo" classname="net.sf.rails.game.state.GenericStateTest" time="0.001"/>
  <system-out><![CDATA[]]></system-out>
  <system-err><![CDATA[]]></system-err>
</testsuite>
