<?xml version="1.0" encoding="UTF-8"?>
<testsuite name="net.sf.rails.game.state.PortfolioMapTest" tests="9" skipped="0" failures="0" errors="0" timestamp="2020-04-10T19:48:53" hostname="marc-desktop" time="0.01">
  <properties/>
  <testcase name="testGetItems" classname="net.sf.rails.game.state.PortfolioMapTest" time="0.002"/>
  <testcase name="testAdd" classname="net.sf.rails.game.state.PortfolioMapTest" time="0.001"/>
  <testcase name="testItems" classname="net.sf.rails.game.state.PortfolioMapTest" time="0.001"/>
  <testcase name="testSize" classname="net.sf.rails.game.state.PortfolioMapTest" time="0.001"/>
  <testcase name="testView" classname="net.sf.rails.game.state.PortfolioMapTest" time="0.001"/>
  <testcase name="testContainsItem" classname="net.sf.rails.game.state.PortfolioMapTest" time="0.0"/>
  <testcase name="testContainsKey" classname="net.sf.rails.game.state.PortfolioMapTest" time="0.0"/>
  <testcase name="testIsEmpty" classname="net.sf.rails.game.state.PortfolioMapTest" time="0.001"/>
  <testcase name="testIterator" classname="net.sf.rails.game.state.PortfolioMapTest" time="0.001"/>
  <system-out><![CDATA[]]></system-out>
  <system-err><![CDATA[]]></system-err>
</testsuite>
